Arguments: 
  /home/pedrocar/.nvm/versions/node/v12.20.1/bin/node /mnt/c/Program Files (x86)/Yarn/bin/yarn.js add @typescript-eslint/eslint-plugin@latest eslint-config-airbnb-base@latest

PATH: 
  /home/pedrocar/.vct/bin:/home/pedrocar/.nvm/versions/node/v12.20.1/bin:/usr/local/sbin:/usr/local/bin:/usr/sbin:/usr/bin:/sbin:/bin:/usr/games:/usr/local/games:/usr/lib/wsl/lib:/mnt/c/windows/system32:/mnt/c/windows:/mnt/c/windows/System32/Wbem:/mnt/c/windows/System32/WindowsPowerShell/v1.0/:/mnt/c/windows/System32/OpenSSH/:/mnt/c/Program Files (x86)/Symantec/VIP Access Client/:/mnt/c/ProgramData/chocolatey/bin:/mnt/c/Program Files (x86)/Yarn/bin/:/mnt/c/Users/pedro.h.carvalho/AppData/Roaming/nvm:/mnt/c/Program Files/nodejs:/mnt/c/Program Files (x86)/Pulse Secure/VC142.CRT/X64/:/mnt/c/Program Files (x86)/Pulse Secure/VC142.CRT/X86/:/mnt/c/Program Files (x86)/Common Files/Pulse Secure/VC142.CRT/X64/:/mnt/c/Program Files (x86)/Common Files/Pulse Secure/VC142.CRT/X86/:/mnt/c/Program Files/Docker/Docker/resources/bin:/mnt/c/ProgramData/DockerDesktop/version-bin:/mnt/c/Users/pedro.h.carvalho/AppData/Local/Microsoft/WindowsApps:/mnt/c/Users/pedro.h.carvalho/AppData/Local/Programs/Microsoft VS Code/bin:/mnt/c/Users/pedro.h.carvalho/AppData/Roaming/npm:/mnt/c/Users/pedro.h.carvalho/AppData/Local/Yarn/bin:/mnt/c/Users/pedro.h.carvalho/AppData/Local/Programs/Git/cmd:/mnt/c/Program Files (x86)/GitHub CLI/:/mnt/c/Users/pedro.h.carvalho/AppData/Roaming/nvm:/mnt/c/Program Files/nodejs

Yarn version: 
  1.22.5

Node version: 
  12.20.1

Platform: 
  linux x64

Trace: 
  Error: unable to get local issuer certificate
      at TLSSocket.onConnectSecure (_tls_wrap.js:1502:34)
      at TLSSocket.emit (events.js:314:20)
      at TLSSocket._finishInit (_tls_wrap.js:937:8)
      at TLSWrap.ssl.onhandshakedone (_tls_wrap.js:711:12)

npm manifest: 
  {
    "name": "ts_rocketseat",
    "version": "1.0.0",
    "description": "",
    "main": "index.js",
    "scripts": {
      "start": "node src/server.ts",
      "test": "echo \"Error: no test specified\" && exit 1"
    },
    "keywords": [],
    "author": "",
    "license": "ISC",
    "dependencies": {
      "express": "^4.17.1",
      "typescript": "^4.5.3"
    },
    "devDependencies": {
      "@types/express": "^4.17.13",
      "eslint": "^8.4.1"
    }
  }

yarn manifest: 
  No manifest

Lockfile: 
  No lockfile
